     1                                          	ORG 0x7c00
     2 00007C00                                 	
     3 00007C00 EB 4E                           	JMP entry
     4 00007C02 00                              	DB 0x00
     5 00007C03 7A 6D 64 6F 6C 6C 6F 73         	DB "zmdollos";启动区名称
     6 00007C0B 0200                            	DW 512;每个扇区的大小
     7 00007C0D 01                              	DB 1;簇的大小,簇是相对于文件系统来说的
     8 00007C0E 0001                            	DW 1;FAT开始的位置
     9 00007C10 02                              	DB 2;FAT的个数
    10 00007C11 00E0                            	DW 224;根目录个数
    11 00007C13 0B40                            	DW 2880;总扇区数
    12 00007C15 F0                              	DB 0xf0;磁盘种类
    13 00007C16 0009                            	DW 9;FAT的长度
    14 00007C18 0012                            	DW 18;每个磁道有18个扇区
    15 00007C1A 0002                            	DW 2;磁头个数
    16 00007C1C 00000000                        	DD 0;不分区
    17 00007C20 00000B40                        	DD 2880;
    18 00007C24 00 00 29                        	DB 0,0,0x29;
    19 00007C27 FFFFFFFF                        	DD 0xffffffff;
    20 00007C2B 7A 6D 20 64 6F 6C 6C 20 6F 73   	DB "zm doll os ";磁盘名称
       00007C35 20 
    21 00007C36 46 41 54 31 32 20 20 20         	DB "FAT12   ";磁盘格式
    22 00007C3E 00 00 00 00 00 00 00 00 00 00   	RESB 18
       00007C48 00 00 00 00 00 00 00 00 
    23 00007C50                                 entry:
    24 00007C50 B8 0000                         	MOV		AX,0
    25 00007C53 BC 7C00                         	MOV 	SP,0x7c00
    26 00007C56 8E D8                           	MOV		DS,AX
    27 00007C58 8E C0                           	MOV		ES,AX
    28 00007C5A BE 7C72                         	MOV 	SI,msg
    29 00007C5D                                 output:
    30 00007C5D 8A 04                           	MOV		AL,[SI]
    31 00007C5F 83 C6 01                        	ADD		SI,1
    32 00007C62 3C 00                           	CMP		AL,0
    33 00007C64 74 09                           	JE		fin
    34 00007C66 B4 0E                           	MOV		AH,0x0e
    35 00007C68 BB 000F                         	MOV 	BX,15
    36 00007C6B CD 10                           	INT		0x10
    37 00007C6D EB EE                           	JMP		output
    38 00007C6F                                 fin:
    39 00007C6F F4                              	HLT
    40 00007C70 EB FD                           	JMP		fin
    41 00007C72                                 msg:
    42 00007C72 0A 0A                           	DB		0x0a,0x0a
    43 00007C74 68 65 6C 6C 6F 2C 20 77 6F 72   	DB		"hello, world"
       00007C7E 6C 64 
    44 00007C80 0A                              	DB		0x0a
    45 00007C81 00                              	DB		0
    46 00007C82 00 00 00 00 00 00 00 00 00 00   	RESB	0x7dfe-$
       00007C8C 00 00 00 00 00 00 00 00 00 00 
       00007C96 00 00 00 00 00 00 00 00 00 00 
       00007CA0 00 00 00 00 00 00 00 00 00 00 
       00007CAA 00 00 00 00 00 00 00 00 00 00 
       00007CB4 00 00 00 00 00 00 00 00 00 00 
       00007CBE 00 00 00 00 00 00 00 00 00 00 
       00007CC8 00 00 00 00 00 00 00 00 00 00 
       00007CD2 00 00 00 00 00 00 00 00 00 00 
       00007CDC 00 00 00 00 00 00 00 00 00 00 
       00007CE6 00 00 00 00 00 00 00 00 00 00 
       00007CF0 00 00 00 00 00 00 00 00 00 00 
       00007CFA 00 00 00 00 00 00 00 00 00 00 
       00007D04 00 00 00 00 00 00 00 00 00 00 
       00007D0E 00 00 00 00 00 00 00 00 00 00 
       00007D18 00 00 00 00 00 00 00 00 00 00 
       00007D22 00 00 00 00 00 00 00 00 00 00 
       00007D2C 00 00 00 00 00 00 00 00 00 00 
       00007D36 00 00 00 00 00 00 00 00 00 00 
       00007D40 00 00 00 00 00 00 00 00 00 00 
       00007D4A 00 00 00 00 00 00 00 00 00 00 
       00007D54 00 00 00 00 00 00 00 00 00 00 
       00007D5E 00 00 00 00 00 00 00 00 00 00 
       00007D68 00 00 00 00 00 00 00 00 00 00 
       00007D72 00 00 00 00 00 00 00 00 00 00 
       00007D7C 00 00 00 00 00 00 00 00 00 00 
       00007D86 00 00 00 00 00 00 00 00 00 00 
       00007D90 00 00 00 00 00 00 00 00 00 00 
       00007D9A 00 00 00 00 00 00 00 00 00 00 
       00007DA4 00 00 00 00 00 00 00 00 00 00 
       00007DAE 00 00 00 00 00 00 00 00 00 00 
       00007DB8 00 00 00 00 00 00 00 00 00 00 
       00007DC2 00 00 00 00 00 00 00 00 00 00 
       00007DCC 00 00 00 00 00 00 00 00 00 00 
       00007DD6 00 00 00 00 00 00 00 00 00 00 
       00007DE0 00 00 00 00 00 00 00 00 00 00 
       00007DEA 00 00 00 00 00 00 00 00 00 00 
       00007DF4 00 00 00 00 00 00 00 00 00 00 
    47 00007DFE 55 AA                           	DB 		0x55,0xaa